<?xml version="1.0" encoding="UTF-8"?>
<!-- Generated by org.testng.reporters.JUnitXMLReporter -->
<testsuite ignored="0" hostname="LAPTOP-I8UJNKE6" failures="0" tests="4" name="Default test" time="0.114" errors="0" timestamp="2025-09-10T01:35:08 IST">
  <testcase classname="TestNG.NewTest3" name="f" time="0.015"/>
  <testcase classname="TestNG.NewTest1" name="f" time="0.002"/>
  <testcase classname="TestNG.NewTest1" name="second" time="0.001"/>
  <testcase classname="TestNG.NewTest2" name="f" time="0.002"/>
</testsuite> <!-- Default test -->
