<?xml version="1.0" encoding="UTF-8"?>
<testng-results ignored="0" total="4" passed="4" failed="0" skipped="0">
  <reporter-output>
  </reporter-output>
  <suite started-at="2025-09-10T01:35:08 IST" name="Default suite" finished-at="2025-09-10T01:35:08 IST" duration-ms="114">
    <groups>
    </groups>
    <test started-at="2025-09-10T01:35:08 IST" name="Default test" finished-at="2025-09-10T01:35:08 IST" duration-ms="114">
      <class name="TestNG.NewTest3">
        <test-method is-config="true" signature="prerequiste()[pri:0, instance:TestNG.NewTest3@3cd3e762]" started-at="2025-09-10T01:35:08 IST" name="prerequiste" finished-at="2025-09-10T01:35:08 IST" duration-ms="14" status="PASS">
          <reporter-output>
          </reporter-output>
        </test-method> <!-- prerequiste -->
        <test-method signature="f()[pri:0, instance:TestNG.NewTest3@3cd3e762]" started-at="2025-09-10T01:35:08 IST" name="f" finished-at="2025-09-10T01:35:08 IST" duration-ms="15" status="PASS">
          <reporter-output>
          </reporter-output>
        </test-method> <!-- f -->
      </class> <!-- TestNG.NewTest3 -->
      <class name="TestNG.NewTest1">
        <test-method signature="f()[pri:0, instance:TestNG.NewTest1@6ed3ccb2]" started-at="2025-09-10T01:35:08 IST" name="f" finished-at="2025-09-10T01:35:08 IST" duration-ms="2" status="PASS">
          <reporter-output>
          </reporter-output>
        </test-method> <!-- f -->
        <test-method signature="second()[pri:0, instance:TestNG.NewTest1@6ed3ccb2]" started-at="2025-09-10T01:35:08 IST" name="second" finished-at="2025-09-10T01:35:08 IST" duration-ms="1" status="PASS">
          <reporter-output>
          </reporter-output>
        </test-method> <!-- second -->
      </class> <!-- TestNG.NewTest1 -->
      <class name="TestNG.NewTest2">
        <test-method signature="f()[pri:0, instance:TestNG.NewTest2@1a677343]" started-at="2025-09-10T01:35:08 IST" name="f" finished-at="2025-09-10T01:35:08 IST" duration-ms="2" status="PASS">
          <reporter-output>
          </reporter-output>
        </test-method> <!-- f -->
      </class> <!-- TestNG.NewTest2 -->
    </test> <!-- Default test -->
  </suite> <!-- Default suite -->
</testng-results>
